Unable to capture context for thread 9700 in process 7380, can not generate back trace
Unable to capture context for thread 9440 in process 7380, can not generate back trace
Unable to capture context for thread 6944 in process 7380, can not generate back trace
Unable to capture context for thread 13316 in process 7380, can not generate back trace
Unable to capture context for thread 7204 in process 7380, can not generate back trace
Exception at PC 0x00007FFE769EBB93
Printing stacktrace...

[0]  [0x00007FFE769EBB93]
[1]  [0x00007FFE769EBB93]
[2]  [0x00007FFE769EB4A1]
[3]  [0x00007FFE769EB459]
[4]  [0x00007FFE769D19FE]
[5]  [0x00007FFE769D0ED1]
[6]  [0x00007FFE769D0D76]
[7]  [0x00007FFE769779F6]
[8]  [0x00007FFE76967AFB]
[9]  [0x00007FFE76A8E90A]
[10]  [0x00007FFE76AA9F87]
[11]  [0x00007FFE76AAA05F]
[12] (BaseThreadInitThunk+0x22) [0x00007FFEC13913D2]
[13] (RtlUserThreadStart+0x34) [0x00007FFEC1CE54F4]
Done
Exception at PC 0x00007FFE766F1A52
Attemped to write at address 0x00007FFEAE12ABA4
Printing stacktrace...

[0]  [0x00007FFE766F1A52]
[1]  [0x00007FFE766F1A52]
[2]  [0x00007FFE766F1AD4]
[3]  [0x00007FFE76833FF7]
[4]  [0x00007FFE76719128]
[5]  [0x00007FFE769CDFB9]
[6]  [0x00007FFE76B9EF23]
[7]  [0x00007FFE76AAB06B]
[8]  [0x00007FFE76AA08AF]
[9]  [0x00007FFE76AA0A32]
[10] (RtlActivateActivationContextUnsafeFast+0x114) [0x00007FFEC1CEC104]
[11] (LdrShutdownProcess+0x142) [0x00007FFEC1CEB512]
[12] (RtlExitUserProcess+0x98) [0x00007FFEC1CE8538]
[13] (FatalExit+0xa) [0x00007FFEC139516A]
[14] (exit+0x25) [0x00007FFEC0F071D5]
[15] (flushall+0x22f) [0x00007FFEC0F06E6F]
[16]  [0x00000000004014CD]
[17]  [0x000000000040151B]
[18] (BaseThreadInitThunk+0x22) [0x00007FFEC13913D2]
[19] (RtlUserThreadStart+0x34) [0x00007FFEC1CE54F4]
Done
